<?xml version="1.0" encoding="utf-8"?><testsuites name="pytest tests"><testsuite name="pytest" errors="0" failures="0" skipped="0" tests="20" time="5.119" timestamp="2026-03-15T11:10:21.159424+00:00" hostname="agent-env-e98b2f88-38be-49e2-be88-4891fd1ef7eb"><testcase classname="tests.test_ai_agent.TestAIAgent" name="test_get_ai_agent_config" time="1.402" /><testcase classname="tests.test_ai_agent.TestAIAgent" name="test_toggle_ai_agent" time="0.267" /><testcase classname="tests.test_ai_agent.TestAIAgent" name="test_update_ai_agent_config_and_verify" time="0.253" /><testcase classname="tests.test_appointments.TestAppointments" name="test_get_appointments" time="0.098" /><testcase classname="tests.test_appointments.TestAppointments" name="test_get_appointments_with_status_filter" time="0.133" /><testcase classname="tests.test_appointments.TestAppointments" name="test_create_appointment_and_verify" time="0.149" /><testcase classname="tests.test_appointments.TestAppointments" name="test_update_appointment_and_verify" time="0.211" /><testcase classname="tests.test_appointments.TestAppointments" name="test_delete_appointment_and_verify" time="0.212" /><testcase classname="tests.test_clinic.TestClinic" name="test_get_clinic_info" time="0.153" /><testcase classname="tests.test_clinic.TestClinic" name="test_update_clinic_and_verify" time="0.209" /><testcase classname="tests.test_clinic_hours.TestClinicHours" name="test_get_clinic_hours" time="0.107" /><testcase classname="tests.test_clinic_hours.TestClinicHours" name="test_update_clinic_hours_and_verify" time="0.210" /><testcase classname="tests.test_dashboard.TestDashboard" name="test_get_dashboard_stats" time="0.112" /><testcase classname="tests.test_health_and_auth.TestHealthCheck" name="test_health_check" time="0.052" /><testcase classname="tests.test_health_and_auth.TestAuthentication" name="test_login_success" time="0.278" /><testcase classname="tests.test_health_and_auth.TestAuthentication" name="test_login_invalid_credentials" time="0.277" /><testcase classname="tests.test_health_and_auth.TestAuthentication" name="test_get_current_user" time="0.102" /><testcase classname="tests.test_health_and_auth.TestAuthentication" name="test_register_new_user" time="0.553" /><testcase classname="tests.test_patients.TestPatients" name="test_get_patients" time="0.114" /><testcase classname="tests.test_patients.TestPatients" name="test_create_patient_and_verify" time="0.152" /></testsuite></testsuites>