<?xml version="1.0" encoding="utf-8"?><testsuites name="pytest tests"><testsuite name="pytest" errors="0" failures="0" skipped="0" tests="8" time="3.463" timestamp="2026-03-15T11:59:38.798731+00:00" hostname="agent-env-e98b2f88-38be-49e2-be88-4891fd1ef7eb"><testcase classname="tests.test_iteration_3_features.TestTwilioWebhookPhoneNumberLookup" name="test_incoming_call_identifies_clinic_by_twilio_number" time="0.258" /><testcase classname="tests.test_iteration_3_features.TestTwilioWebhookPhoneNumberLookup" name="test_incoming_call_with_unknown_number_returns_error" time="0.138" /><testcase classname="tests.test_iteration_3_features.TestCalendarAPI" name="test_calendar_appointments_returns_grouped_data" time="0.405" /><testcase classname="tests.test_iteration_3_features.TestCalendarAPI" name="test_calendar_appointments_defaults_to_current_month" time="0.417" /><testcase classname="tests.test_iteration_3_features.TestClinicTwilioNumberField" name="test_clinic_has_twilio_number_field" time="0.406" /><testcase classname="tests.test_iteration_3_features.TestOpenAISDKGracefulFailure" name="test_simulate_call_returns_error_when_openai_key_missing" time="1.030" /><testcase classname="tests.test_iteration_3_features.TestLoginAndDashboard" name="test_login_with_seed_credentials" time="0.389" /><testcase classname="tests.test_iteration_3_features.TestLoginAndDashboard" name="test_dashboard_stats" time="0.380" /></testsuite></testsuites>